生成启动时间为 2017/6/18 19:22:04。
     1>项目“C:\Users\Administrator\Desktop\day2_night\TFTP\TFTP_server\TftpS.vcxproj”在节点 2 上(Build 个目标)。
     1>ClCompile:
         C:\Program Files (x86)\Microsoft Visual Studio 11.0\VC\bin\CL.exe /c /ZI /nologo /W3 /WX- /Od /Oy- /D WIN32 /D _DEBUG /D _CONSOLE /D _VC80_UPGRADE=0x0600 /D _MBCS /Gm /EHsc /RTC1 /MTd /GS /Gy- /fp:precise /Zc:wchar_t /Zc:forScope /Fo".\Debug\\" /Fd".\Debug\vc110.pdb" /Gd /TP /analyze- /errorReport:prompt TftpS.cpp
         TftpS.cpp
     1>c:\users\administrator\desktop\day2_night\tftp\tftp_server\makepack.h(12): warning C4200: 使用了非标准扩展 : 结构/联合中的零大小数组
                 当 UDT 包含大小为零的数组时，无法生成复制构造函数或副本赋值运算符
     1>c:\users\administrator\desktop\day2_night\tftp\tftp_server\log.h(13): warning C4996: 'localtime': This function or variable may be unsafe. Consider using localtime_s instead. To disable deprecation, use _CRT_SECURE_NO_WARNINGS. See online help for details.
                 c:\program files (x86)\microsoft visual studio 11.0\vc\include\time.inl(112) : 参见“localtime”的声明
     1>c:\users\administrator\desktop\day2_night\tftp\tftp_server\log.h(14): warning C4996: 'strcat': This function or variable may be unsafe. Consider using strcat_s instead. To disable deprecation, use _CRT_SECURE_NO_WARNINGS. See online help for details.
                 c:\program files (x86)\microsoft visual studio 11.0\vc\include\string.h(115) : 参见“strcat”的声明
     1>c:\users\administrator\desktop\day2_night\tftp\tftp_server\log.h(19): warning C4996: 'sprintf': This function or variable may be unsafe. Consider using sprintf_s instead. To disable deprecation, use _CRT_SECURE_NO_WARNINGS. See online help for details.
                 c:\program files (x86)\microsoft visual studio 11.0\vc\include\stdio.h(357) : 参见“sprintf”的声明
     1>c:\users\administrator\desktop\day2_night\tftp\tftp_server\log.h(21): warning C4996: 'sprintf': This function or variable may be unsafe. Consider using sprintf_s instead. To disable deprecation, use _CRT_SECURE_NO_WARNINGS. See online help for details.
                 c:\program files (x86)\microsoft visual studio 11.0\vc\include\stdio.h(357) : 参见“sprintf”的声明
     1>c:\users\administrator\desktop\day2_night\tftp\tftp_server\log.h(23): warning C4996: 'sprintf': This function or variable may be unsafe. Consider using sprintf_s instead. To disable deprecation, use _CRT_SECURE_NO_WARNINGS. See online help for details.
                 c:\program files (x86)\microsoft visual studio 11.0\vc\include\stdio.h(357) : 参见“sprintf”的声明
     1>c:\users\administrator\desktop\day2_night\tftp\tftp_server\log.h(25): warning C4996: 'sprintf': This function or variable may be unsafe. Consider using sprintf_s instead. To disable deprecation, use _CRT_SECURE_NO_WARNINGS. See online help for details.
                 c:\program files (x86)\microsoft visual studio 11.0\vc\include\stdio.h(357) : 参见“sprintf”的声明
     1>c:\users\administrator\desktop\day2_night\tftp\tftp_server\log.h(27): warning C4996: 'sprintf': This function or variable may be unsafe. Consider using sprintf_s instead. To disable deprecation, use _CRT_SECURE_NO_WARNINGS. See online help for details.
                 c:\program files (x86)\microsoft visual studio 11.0\vc\include\stdio.h(357) : 参见“sprintf”的声明
     1>c:\users\administrator\desktop\day2_night\tftp\tftp_server\log.h(29): warning C4996: 'strcat': This function or variable may be unsafe. Consider using strcat_s instead. To disable deprecation, use _CRT_SECURE_NO_WARNINGS. See online help for details.
                 c:\program files (x86)\microsoft visual studio 11.0\vc\include\string.h(115) : 参见“strcat”的声明
     1>c:\users\administrator\desktop\day2_night\tftp\tftp_server\log.h(32): warning C4996: 'fopen': This function or variable may be unsafe. Consider using fopen_s instead. To disable deprecation, use _CRT_SECURE_NO_WARNINGS. See online help for details.
                 c:\program files (x86)\microsoft visual studio 11.0\vc\include\stdio.h(218) : 参见“fopen”的声明
     1>c:\users\administrator\desktop\day2_night\tftp\tftp_server\tftps.cpp(29): warning C4996: 'strncpy': This function or variable may be unsafe. Consider using strncpy_s instead. To disable deprecation, use _CRT_SECURE_NO_WARNINGS. See online help for details.
                 c:\program files (x86)\microsoft visual studio 11.0\vc\include\string.h(191) : 参见“strncpy”的声明
     1>c:\users\administrator\desktop\day2_night\tftp\tftp_server\tftps.cpp(159): warning C4996: 'strcpy': This function or variable may be unsafe. Consider using strcpy_s instead. To disable deprecation, use _CRT_SECURE_NO_WARNINGS. See online help for details.
                 c:\program files (x86)\microsoft visual studio 11.0\vc\include\string.h(110) : 参见“strcpy”的声明
     1>c:\users\administrator\desktop\day2_night\tftp\tftp_server\tftps.cpp(161): warning C4996: 'fopen': This function or variable may be unsafe. Consider using fopen_s instead. To disable deprecation, use _CRT_SECURE_NO_WARNINGS. See online help for details.
                 c:\program files (x86)\microsoft visual studio 11.0\vc\include\stdio.h(218) : 参见“fopen”的声明
     1>c:\users\administrator\desktop\day2_night\tftp\tftp_server\tftps.cpp(319): warning C4996: 'strcpy': This function or variable may be unsafe. Consider using strcpy_s instead. To disable deprecation, use _CRT_SECURE_NO_WARNINGS. See online help for details.
                 c:\program files (x86)\microsoft visual studio 11.0\vc\include\string.h(110) : 参见“strcpy”的声明
     1>c:\users\administrator\desktop\day2_night\tftp\tftp_server\tftps.cpp(325): warning C4996: 'fopen': This function or variable may be unsafe. Consider using fopen_s instead. To disable deprecation, use _CRT_SECURE_NO_WARNINGS. See online help for details.
                 c:\program files (x86)\microsoft visual studio 11.0\vc\include\stdio.h(218) : 参见“fopen”的声明
     1>c:\users\administrator\desktop\day2_night\tftp\tftp_server\tftps.cpp(335): warning C4996: 'fopen': This function or variable may be unsafe. Consider using fopen_s instead. To disable deprecation, use _CRT_SECURE_NO_WARNINGS. See online help for details.
                 c:\program files (x86)\microsoft visual studio 11.0\vc\include\stdio.h(218) : 参见“fopen”的声明
       Link:
         C:\Program Files (x86)\Microsoft Visual Studio 11.0\VC\bin\link.exe /ERRORREPORT:PROMPT /OUT:".\Debug\TftpS.exe" /INCREMENTAL /NOLOGO odbc32.lib odbccp32.lib kernel32.lib user32.lib gdi32.lib winspool.lib comdlg32.lib advapi32.lib shell32.lib ole32.lib oleaut32.lib uuid.lib odbc32.lib odbccp32.lib /MANIFEST /MANIFESTUAC:"level='asInvoker' uiAccess='false'" /manifest:embed /DEBUG /PDB:".\Debug\TftpS.pdb" /SUBSYSTEM:CONSOLE /TLBID:1 /DYNAMICBASE /NXCOMPAT /IMPLIB:".\Debug\TftpS.lib" /MACHINE:X86 /SAFESEH .\Debug\TftpS.obj
         LINK : 没有找到 .\Debug\TftpS.exe 或上一个增量链接没有生成它；正在执行完全链接
     1>TftpS.obj : warning LNK4075: 忽略“/EDITANDCONTINUE”(由于“/SAFESEH”规范)
         TftpS.vcxproj -> C:\Users\Administrator\Desktop\day2_night\TFTP\TFTP_server\.\Debug\TftpS.exe
     1>已完成生成项目“C:\Users\Administrator\Desktop\day2_night\TFTP\TFTP_server\TftpS.vcxproj”(Build 个目标)的操作。

生成成功。

已用时间 00:00:01.43
